Build started 18.10.2015 7:39:56.
     1>Project "C:\Users\Виктор\Dropbox\Studies\4 year\Graphics\Brezenhem\Brezenhem\FloodFilling\FloodFilling.vcxproj" on node 3 (Rebuild target(s)).
     1>ClCompile:
         D:\VS2013\VC\bin\CL.exe /c /AI"C:\Program Files (x86)\Reference Assemblies\Microsoft\Framework\.NETFramework\v4.5\\" /AI"C:\Program Files (x86)\Windows Kits\8.1\References\CommonConfiguration\Neutral" /AI"C:\Program Files (x86)\Reference Assemblies\Microsoft\Framework\.NETFramework\v4.5\Facades\\" /Zi /clr /nologo /W3 /WX- /Od /Oy- /D WIN32 /D _DEBUG /D _UNICODE /D UNICODE /EHa /MDd /GS /fp:precise /Zc:wchar_t /Zc:forScope /Fo"Debug\\" /Fd"Debug\vc120.pdb" /TP /FU"C:\Program Files (x86)\Reference Assemblies\Microsoft\Framework\.NETFramework\v4.5\mscorlib.dll" /FU"C:\Program Files (x86)\Reference Assemblies\Microsoft\Framework\.NETFramework\v4.5\System.Data.dll" /FU"C:\Program Files (x86)\Reference Assemblies\Microsoft\Framework\.NETFramework\v4.5\System.dll" /FU"C:\Program Files (x86)\Reference Assemblies\Microsoft\Framework\.NETFramework\v4.5\System.Drawing.dll" /FU"C:\Program Files (x86)\Reference Assemblies\Microsoft\Framework\.NETFramework\v4.5\System.Windows.Forms.dll" /FU"C:\Program Files (x86)\Reference Assemblies\Microsoft\Framework\.NETFramework\v4.5\System.Xml.dll" /analyze- /errorReport:prompt /clr:nostdlib BezierForm.cpp
         BezierForm.cpp
     1>c:\users\виктор\dropbox\studies\4 year\graphics\brezenhem\brezenhem\floodfilling\BezierForm.h(234): warning C4244: 'initializing' : conversion from 'double' to 'int', possible loss of data
     1>c:\users\виктор\dropbox\studies\4 year\graphics\brezenhem\brezenhem\floodfilling\BezierForm.h(266): warning C4244: 'initializing' : conversion from 'double' to 'int', possible loss of data
     1>c:\users\виктор\dropbox\studies\4 year\graphics\brezenhem\brezenhem\floodfilling\BezierForm.h(286): warning C4244: 'argument' : conversion from 'double' to 'int', possible loss of data
     1>c:\users\виктор\dropbox\studies\4 year\graphics\brezenhem\brezenhem\floodfilling\BezierForm.h(349): warning C4244: 'argument' : conversion from 'double' to 'int', possible loss of data
     1>c:\users\виктор\dropbox\studies\4 year\graphics\brezenhem\brezenhem\floodfilling\BezierForm.h(350): warning C4244: 'argument' : conversion from 'double' to 'int', possible loss of data
     1>c:\users\виктор\dropbox\studies\4 year\graphics\brezenhem\brezenhem\floodfilling\BezierForm.h(369): warning C4244: 'argument' : conversion from 'double' to 'int', possible loss of data
     1>c:\users\виктор\dropbox\studies\4 year\graphics\brezenhem\brezenhem\floodfilling\BezierForm.h(370): warning C4244: 'argument' : conversion from 'double' to 'int', possible loss of data
     1>c:\users\виктор\dropbox\studies\4 year\graphics\brezenhem\brezenhem\floodfilling\BezierForm.h(435): warning C4244: 'argument' : conversion from 'double' to 'int', possible loss of data
     1>c:\users\виктор\dropbox\studies\4 year\graphics\brezenhem\brezenhem\floodfilling\BezierForm.h(437): warning C4244: 'argument' : conversion from 'double' to 'int', possible loss of data
     1>c:\users\виктор\dropbox\studies\4 year\graphics\brezenhem\brezenhem\floodfilling\BezierForm.h(571): warning C4244: 'argument' : conversion from 'double' to 'int', possible loss of data
         D:\VS2013\VC\bin\CL.exe /c /Zi /clr /nologo /W3 /WX- /Od /Oy- /D WIN32 /D _DEBUG /D _UNICODE /D UNICODE /EHa /MDd /GS /fp:precise /Zc:wchar_t /Zc:forScope /Fo"Debug\\" /Fd"Debug\vc120.pdb" /TP /analyze- /errorReport:prompt "C:\Users\Виктор\AppData\Local\Temp\.NETFramework,Version=v4.5.AssemblyAttributes.cpp"
         .NETFramework,Version=v4.5.AssemblyAttributes.cpp
       Link:
         D:\VS2013\VC\bin\link.exe /ERRORREPORT:PROMPT /OUT:"C:\Users\Виктор\Dropbox\Studies\4 year\Graphics\Brezenhem\Brezenhem\Debug\FloodFilling.exe" /INCREMENTAL /NOLOGO /ASSEMBLYRESOURCE:Debug\FloodFilling.BezierForm.resources /MANIFEST /MANIFESTUAC:"level='asInvoker' uiAccess='false'" /manifest:embed /DEBUG /PDB:"C:\Users\Виктор\Dropbox\Studies\4 year\Graphics\Brezenhem\Brezenhem\Debug\FloodFilling.pdb" /ASSEMBLYDEBUG /TLBID:1 /DYNAMICBASE /FIXED:NO /NXCOMPAT /MACHINE:X86 Debug\BezierForm.obj
         "Debug\.NETFramework,Version=v4.5.AssemblyAttributes.obj"
         FloodFilling.vcxproj -> C:\Users\Виктор\Dropbox\Studies\4 year\Graphics\Brezenhem\Brezenhem\Debug\FloodFilling.exe
     1>Done Building Project "C:\Users\Виктор\Dropbox\Studies\4 year\Graphics\Brezenhem\Brezenhem\FloodFilling\FloodFilling.vcxproj" (Rebuild target(s)).

Build succeeded.

Time Elapsed 00:00:09.16
